args: {'train': 'data/sst-train.txt', 'dev': 'data/sst-dev.txt', 'test': 'data/sst-test.txt', 'seed': 11711, 'epochs': 5, 'option': 'finetune', 'use_gpu': True, 'dev_out': 'cfimdb-dev-output.txt', 'test_out': 'cfimdb-test-output.txt', 'batch_size': 8, 'hidden_dropout_prob': 0.3, 'lr': 1e-05}
load 8544 data from data/sst-train.txt
load 1101 data from data/sst-dev.txt
save the model to finetune-5-1e-05.pt
epoch 0: train loss :: 1.593, train acc :: 0.274, dev acc :: 0.265
epoch 1: train loss :: 1.580, train acc :: 0.271, dev acc :: 0.259
save the model to finetune-5-1e-05.pt
epoch 2: train loss :: 1.573, train acc :: 0.296, dev acc :: 0.292
save the model to finetune-5-1e-05.pt
epoch 3: train loss :: 1.516, train acc :: 0.381, dev acc :: 0.373
save the model to finetune-5-1e-05.pt
epoch 4: train loss :: 1.378, train acc :: 0.434, dev acc :: 0.388
load model from finetune-5-1e-05.pt
load 1101 data from data/sst-dev.txt
load 2210 data from data/sst-test.txt
dev acc :: 0.388
test acc :: 0.409
args: {'train': 'data/sst-train.txt', 'dev': 'data/sst-dev.txt', 'test': 'data/sst-test.txt', 'seed': 11711, 'epochs': 10, 'option': 'finetune', 'use_gpu': True, 'dev_out': 'cfimdb-dev-output.txt', 'test_out': 'cfimdb-test-output.txt', 'batch_size': 8, 'hidden_dropout_prob': 0.3, 'lr': 1e-05}
load 8544 data from data/sst-train.txt
load 1101 data from data/sst-dev.txt
save the model to finetune-10-1e-05.pt
epoch 0: train loss :: 1.593, train acc :: 0.274, dev acc :: 0.265
epoch 1: train loss :: 1.580, train acc :: 0.271, dev acc :: 0.259
save the model to finetune-10-1e-05.pt
epoch 2: train loss :: 1.573, train acc :: 0.296, dev acc :: 0.292
save the model to finetune-10-1e-05.pt
epoch 3: train loss :: 1.516, train acc :: 0.381, dev acc :: 0.373
save the model to finetune-10-1e-05.pt
epoch 4: train loss :: 1.378, train acc :: 0.434, dev acc :: 0.388
save the model to finetune-10-1e-05.pt
epoch 5: train loss :: 1.302, train acc :: 0.459, dev acc :: 0.405
epoch 6: train loss :: 1.250, train acc :: 0.503, dev acc :: 0.397
save the model to finetune-10-1e-05.pt
epoch 7: train loss :: 1.189, train acc :: 0.537, dev acc :: 0.406
save the model to finetune-10-1e-05.pt
epoch 8: train loss :: 1.133, train acc :: 0.544, dev acc :: 0.413
epoch 9: train loss :: 1.094, train acc :: 0.590, dev acc :: 0.407
load model from finetune-10-1e-05.pt
load 1101 data from data/sst-dev.txt
load 2210 data from data/sst-test.txt
dev acc :: 0.413
test acc :: 0.460
args: {'train': 'data/sst-train.txt', 'dev': 'data/sst-dev.txt', 'test': 'data/sst-test.txt', 'seed': 11711, 'epochs': 15, 'option': 'finetune', 'use_gpu': True, 'dev_out': 'cfimdb-dev-output.txt', 'test_out': 'cfimdb-test-output.txt', 'batch_size': 8, 'hidden_dropout_prob': 0.3, 'lr': 1e-05}
load 8544 data from data/sst-train.txt
load 1101 data from data/sst-dev.txt
save the model to finetune-15-1e-05.pt
epoch 0: train loss :: 1.593, train acc :: 0.274, dev acc :: 0.265
epoch 1: train loss :: 1.580, train acc :: 0.271, dev acc :: 0.259
save the model to finetune-15-1e-05.pt
epoch 2: train loss :: 1.573, train acc :: 0.296, dev acc :: 0.292
save the model to finetune-15-1e-05.pt
epoch 3: train loss :: 1.516, train acc :: 0.381, dev acc :: 0.373
save the model to finetune-15-1e-05.pt
epoch 4: train loss :: 1.378, train acc :: 0.434, dev acc :: 0.388
save the model to finetune-15-1e-05.pt
epoch 5: train loss :: 1.302, train acc :: 0.459, dev acc :: 0.405
epoch 6: train loss :: 1.250, train acc :: 0.503, dev acc :: 0.397
save the model to finetune-15-1e-05.pt
epoch 7: train loss :: 1.189, train acc :: 0.537, dev acc :: 0.406
save the model to finetune-15-1e-05.pt
epoch 8: train loss :: 1.133, train acc :: 0.544, dev acc :: 0.413
epoch 9: train loss :: 1.094, train acc :: 0.590, dev acc :: 0.407
save the model to finetune-15-1e-05.pt
epoch 10: train loss :: 1.047, train acc :: 0.619, dev acc :: 0.426
epoch 11: train loss :: 0.987, train acc :: 0.645, dev acc :: 0.388
epoch 12: train loss :: 0.948, train acc :: 0.637, dev acc :: 0.380
epoch 13: train loss :: 0.880, train acc :: 0.705, dev acc :: 0.372
epoch 14: train loss :: 0.832, train acc :: 0.724, dev acc :: 0.383
load model from finetune-15-1e-05.pt
load 1101 data from data/sst-dev.txt
load 2210 data from data/sst-test.txt
dev acc :: 0.426
test acc :: 0.443
args: {'train': 'data/sst-train.txt', 'dev': 'data/sst-dev.txt', 'test': 'data/sst-test.txt', 'seed': 11711, 'epochs': 20, 'option': 'finetune', 'use_gpu': True, 'dev_out': 'cfimdb-dev-output.txt', 'test_out': 'cfimdb-test-output.txt', 'batch_size': 8, 'hidden_dropout_prob': 0.3, 'lr': 1e-05}
load 8544 data from data/sst-train.txt
load 1101 data from data/sst-dev.txt
save the model to finetune-20-1e-05.pt
epoch 0: train loss :: 1.593, train acc :: 0.274, dev acc :: 0.265
epoch 1: train loss :: 1.580, train acc :: 0.271, dev acc :: 0.259
save the model to finetune-20-1e-05.pt
epoch 2: train loss :: 1.573, train acc :: 0.296, dev acc :: 0.292
save the model to finetune-20-1e-05.pt
epoch 3: train loss :: 1.516, train acc :: 0.381, dev acc :: 0.373
save the model to finetune-20-1e-05.pt
epoch 4: train loss :: 1.378, train acc :: 0.434, dev acc :: 0.388
save the model to finetune-20-1e-05.pt
epoch 5: train loss :: 1.302, train acc :: 0.459, dev acc :: 0.405
epoch 6: train loss :: 1.250, train acc :: 0.503, dev acc :: 0.397
save the model to finetune-20-1e-05.pt
epoch 7: train loss :: 1.189, train acc :: 0.537, dev acc :: 0.406
save the model to finetune-20-1e-05.pt
epoch 8: train loss :: 1.133, train acc :: 0.544, dev acc :: 0.413
epoch 9: train loss :: 1.094, train acc :: 0.590, dev acc :: 0.407
save the model to finetune-20-1e-05.pt
epoch 10: train loss :: 1.047, train acc :: 0.619, dev acc :: 0.426
epoch 11: train loss :: 0.987, train acc :: 0.645, dev acc :: 0.388
epoch 12: train loss :: 0.948, train acc :: 0.637, dev acc :: 0.380
epoch 13: train loss :: 0.880, train acc :: 0.705, dev acc :: 0.372
epoch 14: train loss :: 0.832, train acc :: 0.724, dev acc :: 0.383
epoch 15: train loss :: 0.778, train acc :: 0.734, dev acc :: 0.360
epoch 16: train loss :: 0.715, train acc :: 0.804, dev acc :: 0.394
epoch 17: train loss :: 0.649, train acc :: 0.813, dev acc :: 0.383
epoch 18: train loss :: 0.602, train acc :: 0.834, dev acc :: 0.385
epoch 19: train loss :: 0.540, train acc :: 0.830, dev acc :: 0.354
load model from finetune-20-1e-05.pt
load 1101 data from data/sst-dev.txt
load 2210 data from data/sst-test.txt
dev acc :: 0.426
test acc :: 0.443
args: {'train': 'data/sst-train.txt', 'dev': 'data/sst-dev.txt', 'test': 'data/sst-test.txt', 'seed': 11711, 'epochs': 25, 'option': 'finetune', 'use_gpu': True, 'dev_out': 'cfimdb-dev-output.txt', 'test_out': 'cfimdb-test-output.txt', 'batch_size': 8, 'hidden_dropout_prob': 0.3, 'lr': 1e-05}
load 8544 data from data/sst-train.txt
load 1101 data from data/sst-dev.txt
save the model to finetune-25-1e-05.pt
epoch 0: train loss :: 1.593, train acc :: 0.274, dev acc :: 0.265
epoch 1: train loss :: 1.580, train acc :: 0.271, dev acc :: 0.259
save the model to finetune-25-1e-05.pt
epoch 2: train loss :: 1.573, train acc :: 0.296, dev acc :: 0.292
save the model to finetune-25-1e-05.pt
epoch 3: train loss :: 1.516, train acc :: 0.381, dev acc :: 0.373
save the model to finetune-25-1e-05.pt
epoch 4: train loss :: 1.378, train acc :: 0.434, dev acc :: 0.388
save the model to finetune-25-1e-05.pt
epoch 5: train loss :: 1.302, train acc :: 0.459, dev acc :: 0.405
epoch 6: train loss :: 1.250, train acc :: 0.503, dev acc :: 0.397
save the model to finetune-25-1e-05.pt
epoch 7: train loss :: 1.189, train acc :: 0.537, dev acc :: 0.406
save the model to finetune-25-1e-05.pt
epoch 8: train loss :: 1.133, train acc :: 0.544, dev acc :: 0.413
epoch 9: train loss :: 1.094, train acc :: 0.590, dev acc :: 0.407
save the model to finetune-25-1e-05.pt
epoch 10: train loss :: 1.047, train acc :: 0.619, dev acc :: 0.426
epoch 11: train loss :: 0.987, train acc :: 0.645, dev acc :: 0.388
epoch 12: train loss :: 0.948, train acc :: 0.637, dev acc :: 0.380
epoch 13: train loss :: 0.880, train acc :: 0.705, dev acc :: 0.372
epoch 14: train loss :: 0.832, train acc :: 0.724, dev acc :: 0.383
epoch 15: train loss :: 0.778, train acc :: 0.734, dev acc :: 0.360
epoch 16: train loss :: 0.715, train acc :: 0.804, dev acc :: 0.394
epoch 17: train loss :: 0.649, train acc :: 0.813, dev acc :: 0.383
epoch 18: train loss :: 0.602, train acc :: 0.834, dev acc :: 0.385
epoch 19: train loss :: 0.540, train acc :: 0.830, dev acc :: 0.354
epoch 20: train loss :: 0.491, train acc :: 0.887, dev acc :: 0.391
epoch 21: train loss :: 0.440, train acc :: 0.910, dev acc :: 0.396
epoch 22: train loss :: 0.386, train acc :: 0.912, dev acc :: 0.378
epoch 23: train loss :: 0.340, train acc :: 0.938, dev acc :: 0.386
epoch 24: train loss :: 0.303, train acc :: 0.953, dev acc :: 0.384
load model from finetune-25-1e-05.pt
load 1101 data from data/sst-dev.txt
load 2210 data from data/sst-test.txt
dev acc :: 0.426
test acc :: 0.443
args: {'train': 'data/sst-train.txt', 'dev': 'data/sst-dev.txt', 'test': 'data/sst-test.txt', 'seed': 11711, 'epochs': 10, 'option': 'finetune', 'use_gpu': True, 'dev_out': 'cfimdb-dev-output.txt', 'test_out': 'cfimdb-test-output.txt', 'batch_size': 8, 'hidden_dropout_prob': 0.1, 'lr': 1e-05}
load 8544 data from data/sst-train.txt
load 1101 data from data/sst-dev.txt
save the model to finetune-10-1e-05.pt
epoch 0: train loss :: 1.579, train acc :: 0.281, dev acc :: 0.257
save the model to finetune-10-1e-05.pt
epoch 1: train loss :: 1.574, train acc :: 0.289, dev acc :: 0.272
save the model to finetune-10-1e-05.pt
epoch 2: train loss :: 1.527, train acc :: 0.361, dev acc :: 0.342
save the model to finetune-10-1e-05.pt
epoch 3: train loss :: 1.384, train acc :: 0.421, dev acc :: 0.381
save the model to finetune-10-1e-05.pt
epoch 4: train loss :: 1.299, train acc :: 0.460, dev acc :: 0.386
save the model to finetune-10-1e-05.pt
epoch 5: train loss :: 1.243, train acc :: 0.494, dev acc :: 0.404
save the model to finetune-10-1e-05.pt
epoch 6: train loss :: 1.190, train acc :: 0.520, dev acc :: 0.406
save the model to finetune-10-1e-05.pt
epoch 7: train loss :: 1.142, train acc :: 0.568, dev acc :: 0.431
epoch 8: train loss :: 1.088, train acc :: 0.576, dev acc :: 0.415
epoch 9: train loss :: 1.047, train acc :: 0.615, dev acc :: 0.424
load model from finetune-10-1e-05.pt
load 1101 data from data/sst-dev.txt
load 2210 data from data/sst-test.txt
dev acc :: 0.431
test acc :: 0.435
args: {'train': 'data/sst-train.txt', 'dev': 'data/sst-dev.txt', 'test': 'data/sst-test.txt', 'seed': 11711, 'epochs': 10, 'option': 'finetune', 'use_gpu': True, 'dev_out': 'cfimdb-dev-output.txt', 'test_out': 'cfimdb-test-output.txt', 'batch_size': 8, 'hidden_dropout_prob': 0.3, 'lr': 1e-05}
load 8544 data from data/sst-train.txt
load 1101 data from data/sst-dev.txt
save the model to finetune-10-1e-05.pt
epoch 0: train loss :: 1.593, train acc :: 0.274, dev acc :: 0.265
epoch 1: train loss :: 1.580, train acc :: 0.271, dev acc :: 0.259
save the model to finetune-10-1e-05.pt
epoch 2: train loss :: 1.573, train acc :: 0.296, dev acc :: 0.292
save the model to finetune-10-1e-05.pt
epoch 3: train loss :: 1.516, train acc :: 0.381, dev acc :: 0.373
save the model to finetune-10-1e-05.pt
epoch 4: train loss :: 1.378, train acc :: 0.434, dev acc :: 0.388
save the model to finetune-10-1e-05.pt
epoch 5: train loss :: 1.302, train acc :: 0.459, dev acc :: 0.405
epoch 6: train loss :: 1.250, train acc :: 0.503, dev acc :: 0.397
save the model to finetune-10-1e-05.pt
epoch 7: train loss :: 1.189, train acc :: 0.537, dev acc :: 0.406
save the model to finetune-10-1e-05.pt
epoch 8: train loss :: 1.133, train acc :: 0.544, dev acc :: 0.413
epoch 9: train loss :: 1.094, train acc :: 0.590, dev acc :: 0.407
load model from finetune-10-1e-05.pt
load 1101 data from data/sst-dev.txt
load 2210 data from data/sst-test.txt
dev acc :: 0.413
test acc :: 0.460
args: {'train': 'data/sst-train.txt', 'dev': 'data/sst-dev.txt', 'test': 'data/sst-test.txt', 'seed': 11711, 'epochs': 10, 'option': 'finetune', 'use_gpu': True, 'dev_out': 'cfimdb-dev-output.txt', 'test_out': 'cfimdb-test-output.txt', 'batch_size': 8, 'hidden_dropout_prob': 0.5, 'lr': 1e-05}
load 8544 data from data/sst-train.txt
load 1101 data from data/sst-dev.txt
save the model to finetune-10-1e-05.pt
epoch 0: train loss :: 1.598, train acc :: 0.268, dev acc :: 0.274
epoch 1: train loss :: 1.580, train acc :: 0.271, dev acc :: 0.257
epoch 2: train loss :: 1.576, train acc :: 0.272, dev acc :: 0.268
epoch 3: train loss :: 1.576, train acc :: 0.266, dev acc :: 0.258
epoch 4: train loss :: 1.569, train acc :: 0.311, dev acc :: 0.266
save the model to finetune-10-1e-05.pt
epoch 5: train loss :: 1.447, train acc :: 0.438, dev acc :: 0.401
save the model to finetune-10-1e-05.pt
epoch 6: train loss :: 1.310, train acc :: 0.482, dev acc :: 0.403
save the model to finetune-10-1e-05.pt
epoch 7: train loss :: 1.239, train acc :: 0.524, dev acc :: 0.417
epoch 8: train loss :: 1.171, train acc :: 0.524, dev acc :: 0.408
epoch 9: train loss :: 1.124, train acc :: 0.580, dev acc :: 0.416
load model from finetune-10-1e-05.pt
load 1101 data from data/sst-dev.txt
load 2210 data from data/sst-test.txt
dev acc :: 0.417
test acc :: 0.431
args: {'train': 'data/sst-train.txt', 'dev': 'data/sst-dev.txt', 'test': 'data/sst-test.txt', 'seed': 11711, 'epochs': 10, 'option': 'finetune', 'use_gpu': True, 'dev_out': 'cfimdb-dev-output.txt', 'test_out': 'cfimdb-test-output.txt', 'batch_size': 8, 'hidden_dropout_prob': 0.7, 'lr': 1e-05}
load 8544 data from data/sst-train.txt
load 1101 data from data/sst-dev.txt
save the model to finetune-10-1e-05.pt
epoch 0: train loss :: 1.617, train acc :: 0.273, dev acc :: 0.242
save the model to finetune-10-1e-05.pt
epoch 1: train loss :: 1.591, train acc :: 0.267, dev acc :: 0.252
save the model to finetune-10-1e-05.pt
epoch 2: train loss :: 1.583, train acc :: 0.273, dev acc :: 0.256
epoch 3: train loss :: 1.581, train acc :: 0.265, dev acc :: 0.253
save the model to finetune-10-1e-05.pt
epoch 4: train loss :: 1.578, train acc :: 0.299, dev acc :: 0.273
save the model to finetune-10-1e-05.pt
epoch 5: train loss :: 1.552, train acc :: 0.341, dev acc :: 0.329
save the model to finetune-10-1e-05.pt
epoch 6: train loss :: 1.441, train acc :: 0.428, dev acc :: 0.389
save the model to finetune-10-1e-05.pt
epoch 7: train loss :: 1.305, train acc :: 0.485, dev acc :: 0.411
epoch 8: train loss :: 1.238, train acc :: 0.492, dev acc :: 0.410
epoch 9: train loss :: 1.185, train acc :: 0.529, dev acc :: 0.408
load model from finetune-10-1e-05.pt
load 1101 data from data/sst-dev.txt
load 2210 data from data/sst-test.txt
dev acc :: 0.411
test acc :: 0.416
args: {'train': 'data/sst-train.txt', 'dev': 'data/sst-dev.txt', 'test': 'data/sst-test.txt', 'seed': 11711, 'epochs': 10, 'option': 'finetune', 'use_gpu': True, 'dev_out': 'cfimdb-dev-output.txt', 'test_out': 'cfimdb-test-output.txt', 'batch_size': 8, 'hidden_dropout_prob': 0.9, 'lr': 1e-05}
load 8544 data from data/sst-train.txt
load 1101 data from data/sst-dev.txt
save the model to finetune-10-1e-05.pt
epoch 0: train loss :: 1.688, train acc :: 0.276, dev acc :: 0.246
save the model to finetune-10-1e-05.pt
epoch 1: train loss :: 1.604, train acc :: 0.273, dev acc :: 0.258
save the model to finetune-10-1e-05.pt
epoch 2: train loss :: 1.592, train acc :: 0.273, dev acc :: 0.259
save the model to finetune-10-1e-05.pt
epoch 3: train loss :: 1.593, train acc :: 0.260, dev acc :: 0.262
epoch 4: train loss :: 1.589, train acc :: 0.279, dev acc :: 0.250
epoch 5: train loss :: 1.583, train acc :: 0.276, dev acc :: 0.257
epoch 6: train loss :: 1.589, train acc :: 0.260, dev acc :: 0.262
epoch 7: train loss :: 1.580, train acc :: 0.259, dev acc :: 0.262
epoch 8: train loss :: 1.583, train acc :: 0.281, dev acc :: 0.257
epoch 9: train loss :: 1.582, train acc :: 0.272, dev acc :: 0.253
load model from finetune-10-1e-05.pt
load 1101 data from data/sst-dev.txt
load 2210 data from data/sst-test.txt
dev acc :: 0.262
test acc :: 0.287
args: {'train': 'data/sst-train.txt', 'dev': 'data/sst-dev.txt', 'test': 'data/sst-test.txt', 'seed': 11711, 'epochs': 10, 'option': 'finetune', 'use_gpu': True, 'dev_out': 'cfimdb-dev-output.txt', 'test_out': 'cfimdb-test-output.txt', 'batch_size': 8, 'hidden_dropout_prob': 0.3, 'lr': 0.5}
load 8544 data from data/sst-train.txt
load 1101 data from data/sst-dev.txt
save the model to finetune-10-0.5.pt
epoch 0: train loss :: 135.011, train acc :: 0.272, dev acc :: 0.253
epoch 1: train loss :: 149.814, train acc :: 0.272, dev acc :: 0.253
save the model to finetune-10-0.5.pt
epoch 2: train loss :: 159.386, train acc :: 0.260, dev acc :: 0.262
epoch 3: train loss :: 159.664, train acc :: 0.260, dev acc :: 0.262
epoch 4: train loss :: 162.780, train acc :: 0.128, dev acc :: 0.126
epoch 5: train loss :: 154.025, train acc :: 0.260, dev acc :: 0.262
epoch 6: train loss :: 160.012, train acc :: 0.260, dev acc :: 0.262
epoch 7: train loss :: 156.113, train acc :: 0.128, dev acc :: 0.126
epoch 8: train loss :: 157.943, train acc :: 0.151, dev acc :: 0.150
epoch 9: train loss :: 154.951, train acc :: 0.128, dev acc :: 0.126
load model from finetune-10-0.5.pt
load 1101 data from data/sst-dev.txt
load 2210 data from data/sst-test.txt
dev acc :: 0.262
test acc :: 0.286
args: {'train': 'data/sst-train.txt', 'dev': 'data/sst-dev.txt', 'test': 'data/sst-test.txt', 'seed': 11711, 'epochs': 10, 'option': 'finetune', 'use_gpu': True, 'dev_out': 'cfimdb-dev-output.txt', 'test_out': 'cfimdb-test-output.txt', 'batch_size': 8, 'hidden_dropout_prob': 0.3, 'lr': 0.1}
load 8544 data from data/sst-train.txt
load 1101 data from data/sst-dev.txt
save the model to finetune-10-0.1.pt
epoch 0: train loss :: 27.673, train acc :: 0.272, dev acc :: 0.253
epoch 1: train loss :: 30.884, train acc :: 0.151, dev acc :: 0.150
epoch 2: train loss :: 30.582, train acc :: 0.128, dev acc :: 0.126
epoch 3: train loss :: 31.361, train acc :: 0.151, dev acc :: 0.150
epoch 4: train loss :: 32.589, train acc :: 0.151, dev acc :: 0.150
epoch 5: train loss :: 29.961, train acc :: 0.190, dev acc :: 0.208
save the model to finetune-10-0.1.pt
epoch 6: train loss :: 30.419, train acc :: 0.260, dev acc :: 0.262
epoch 7: train loss :: 30.128, train acc :: 0.272, dev acc :: 0.253
epoch 8: train loss :: 31.033, train acc :: 0.151, dev acc :: 0.150
epoch 9: train loss :: 31.825, train acc :: 0.190, dev acc :: 0.208
load model from finetune-10-0.1.pt
load 1101 data from data/sst-dev.txt
load 2210 data from data/sst-test.txt
dev acc :: 0.262
test acc :: 0.286
args: {'train': 'data/sst-train.txt', 'dev': 'data/sst-dev.txt', 'test': 'data/sst-test.txt', 'seed': 11711, 'epochs': 10, 'option': 'finetune', 'use_gpu': True, 'dev_out': 'cfimdb-dev-output.txt', 'test_out': 'cfimdb-test-output.txt', 'batch_size': 8, 'hidden_dropout_prob': 0.3, 'lr': 0.001}
load 8544 data from data/sst-train.txt
load 1101 data from data/sst-dev.txt
save the model to finetune-10-0.001.pt
epoch 0: train loss :: 1.777, train acc :: 0.262, dev acc :: 0.278
epoch 1: train loss :: 1.726, train acc :: 0.225, dev acc :: 0.226
save the model to finetune-10-0.001.pt
epoch 2: train loss :: 1.737, train acc :: 0.266, dev acc :: 0.285
epoch 3: train loss :: 1.739, train acc :: 0.260, dev acc :: 0.284
epoch 4: train loss :: 1.732, train acc :: 0.170, dev acc :: 0.191
epoch 5: train loss :: 1.730, train acc :: 0.214, dev acc :: 0.203
epoch 6: train loss :: 1.732, train acc :: 0.261, dev acc :: 0.243
epoch 7: train loss :: 1.744, train acc :: 0.250, dev acc :: 0.258
epoch 8: train loss :: 1.739, train acc :: 0.224, dev acc :: 0.214
epoch 9: train loss :: 1.749, train acc :: 0.260, dev acc :: 0.262
load model from finetune-10-0.001.pt
load 1101 data from data/sst-dev.txt
load 2210 data from data/sst-test.txt
dev acc :: 0.285
test acc :: 0.243
args: {'train': 'data/sst-train.txt', 'dev': 'data/sst-dev.txt', 'test': 'data/sst-test.txt', 'seed': 11711, 'epochs': 10, 'option': 'finetune', 'use_gpu': True, 'dev_out': 'cfimdb-dev-output.txt', 'test_out': 'cfimdb-test-output.txt', 'batch_size': 8, 'hidden_dropout_prob': 0.3, 'lr': 1e-05}
load 8544 data from data/sst-train.txt
load 1101 data from data/sst-dev.txt
save the model to finetune-10-1e-05.pt
epoch 0: train loss :: 1.593, train acc :: 0.274, dev acc :: 0.265
epoch 1: train loss :: 1.580, train acc :: 0.271, dev acc :: 0.259
save the model to finetune-10-1e-05.pt
epoch 2: train loss :: 1.573, train acc :: 0.296, dev acc :: 0.292
save the model to finetune-10-1e-05.pt
epoch 3: train loss :: 1.516, train acc :: 0.381, dev acc :: 0.373
save the model to finetune-10-1e-05.pt
epoch 4: train loss :: 1.378, train acc :: 0.434, dev acc :: 0.388
save the model to finetune-10-1e-05.pt
epoch 5: train loss :: 1.302, train acc :: 0.459, dev acc :: 0.405
epoch 6: train loss :: 1.250, train acc :: 0.503, dev acc :: 0.397
save the model to finetune-10-1e-05.pt
epoch 7: train loss :: 1.189, train acc :: 0.537, dev acc :: 0.406
save the model to finetune-10-1e-05.pt
epoch 8: train loss :: 1.133, train acc :: 0.544, dev acc :: 0.413
epoch 9: train loss :: 1.094, train acc :: 0.590, dev acc :: 0.407
load model from finetune-10-1e-05.pt
load 1101 data from data/sst-dev.txt
load 2210 data from data/sst-test.txt
dev acc :: 0.413
test acc :: 0.460
args: {'train': 'data/sst-train.txt', 'dev': 'data/sst-dev.txt', 'test': 'data/sst-test.txt', 'seed': 11711, 'epochs': 10, 'option': 'finetune', 'use_gpu': True, 'dev_out': 'cfimdb-dev-output.txt', 'test_out': 'cfimdb-test-output.txt', 'batch_size': 8, 'hidden_dropout_prob': 0.3, 'lr': 1e-07}
load 8544 data from data/sst-train.txt
load 1101 data from data/sst-dev.txt
save the model to finetune-10-1e-07.pt
epoch 0: train loss :: 1.627, train acc :: 0.214, dev acc :: 0.203
save the model to finetune-10-1e-07.pt
epoch 1: train loss :: 1.618, train acc :: 0.229, dev acc :: 0.224
save the model to finetune-10-1e-07.pt
epoch 2: train loss :: 1.612, train acc :: 0.242, dev acc :: 0.243
save the model to finetune-10-1e-07.pt
epoch 3: train loss :: 1.609, train acc :: 0.253, dev acc :: 0.247
save the model to finetune-10-1e-07.pt
epoch 4: train loss :: 1.606, train acc :: 0.256, dev acc :: 0.248
save the model to finetune-10-1e-07.pt
epoch 5: train loss :: 1.596, train acc :: 0.257, dev acc :: 0.250
epoch 6: train loss :: 1.596, train acc :: 0.261, dev acc :: 0.244
save the model to finetune-10-1e-07.pt
epoch 7: train loss :: 1.601, train acc :: 0.262, dev acc :: 0.254
save the model to finetune-10-1e-07.pt
epoch 8: train loss :: 1.598, train acc :: 0.266, dev acc :: 0.256
save the model to finetune-10-1e-07.pt
epoch 9: train loss :: 1.598, train acc :: 0.265, dev acc :: 0.257
load model from finetune-10-1e-07.pt
load 1101 data from data/sst-dev.txt
load 2210 data from data/sst-test.txt
dev acc :: 0.257
test acc :: 0.252
args: {'train': 'data/sst-train.txt', 'dev': 'data/sst-dev.txt', 'test': 'data/sst-test.txt', 'seed': 11711, 'epochs': 10, 'option': 'finetune', 'use_gpu': True, 'dev_out': 'cfimdb-dev-output.txt', 'test_out': 'cfimdb-test-output.txt', 'batch_size': 2, 'hidden_dropout_prob': 0.3, 'lr': 1e-05}
load 8544 data from data/sst-train.txt
load 1101 data from data/sst-dev.txt
save the model to finetune-10-1e-05.pt
epoch 0: train loss :: 1.592, train acc :: 0.267, dev acc :: 0.281
epoch 1: train loss :: 1.577, train acc :: 0.285, dev acc :: 0.260
save the model to finetune-10-1e-05.pt
epoch 2: train loss :: 1.491, train acc :: 0.403, dev acc :: 0.361
save the model to finetune-10-1e-05.pt
epoch 3: train loss :: 1.338, train acc :: 0.473, dev acc :: 0.392
epoch 4: train loss :: 1.232, train acc :: 0.475, dev acc :: 0.387
save the model to finetune-10-1e-05.pt
epoch 5: train loss :: 1.130, train acc :: 0.599, dev acc :: 0.406
epoch 6: train loss :: 1.039, train acc :: 0.664, dev acc :: 0.405
epoch 7: train loss :: 0.938, train acc :: 0.694, dev acc :: 0.401
save the model to finetune-10-1e-05.pt
epoch 8: train loss :: 0.854, train acc :: 0.703, dev acc :: 0.412
epoch 9: train loss :: 0.770, train acc :: 0.738, dev acc :: 0.406
load model from finetune-10-1e-05.pt
load 1101 data from data/sst-dev.txt
load 2210 data from data/sst-test.txt
dev acc :: 0.412
test acc :: 0.433
args: {'train': 'data/sst-train.txt', 'dev': 'data/sst-dev.txt', 'test': 'data/sst-test.txt', 'seed': 11711, 'epochs': 10, 'option': 'finetune', 'use_gpu': True, 'dev_out': 'cfimdb-dev-output.txt', 'test_out': 'cfimdb-test-output.txt', 'batch_size': 4, 'hidden_dropout_prob': 0.3, 'lr': 1e-05}
load 8544 data from data/sst-train.txt
load 1101 data from data/sst-dev.txt
save the model to finetune-10-1e-05.pt
epoch 0: train loss :: 1.585, train acc :: 0.273, dev acc :: 0.268
epoch 1: train loss :: 1.579, train acc :: 0.276, dev acc :: 0.262
save the model to finetune-10-1e-05.pt
epoch 2: train loss :: 1.552, train acc :: 0.376, dev acc :: 0.354
save the model to finetune-10-1e-05.pt
epoch 3: train loss :: 1.385, train acc :: 0.440, dev acc :: 0.383
epoch 4: train loss :: 1.279, train acc :: 0.427, dev acc :: 0.373
save the model to finetune-10-1e-05.pt
epoch 5: train loss :: 1.208, train acc :: 0.535, dev acc :: 0.415
save the model to finetune-10-1e-05.pt
epoch 6: train loss :: 1.139, train acc :: 0.575, dev acc :: 0.429
epoch 7: train loss :: 1.075, train acc :: 0.620, dev acc :: 0.412
epoch 8: train loss :: 1.010, train acc :: 0.636, dev acc :: 0.406
epoch 9: train loss :: 0.954, train acc :: 0.675, dev acc :: 0.409
load model from finetune-10-1e-05.pt
load 1101 data from data/sst-dev.txt
load 2210 data from data/sst-test.txt
dev acc :: 0.429
test acc :: 0.440
args: {'train': 'data/sst-train.txt', 'dev': 'data/sst-dev.txt', 'test': 'data/sst-test.txt', 'seed': 11711, 'epochs': 10, 'option': 'finetune', 'use_gpu': True, 'dev_out': 'cfimdb-dev-output.txt', 'test_out': 'cfimdb-test-output.txt', 'batch_size': 8, 'hidden_dropout_prob': 0.3, 'lr': 1e-05}
load 8544 data from data/sst-train.txt
load 1101 data from data/sst-dev.txt
save the model to finetune-10-1e-05.pt
epoch 0: train loss :: 1.593, train acc :: 0.274, dev acc :: 0.265
epoch 1: train loss :: 1.580, train acc :: 0.271, dev acc :: 0.259
save the model to finetune-10-1e-05.pt
epoch 2: train loss :: 1.573, train acc :: 0.296, dev acc :: 0.292
save the model to finetune-10-1e-05.pt
epoch 3: train loss :: 1.516, train acc :: 0.381, dev acc :: 0.373
save the model to finetune-10-1e-05.pt
epoch 4: train loss :: 1.378, train acc :: 0.434, dev acc :: 0.388
save the model to finetune-10-1e-05.pt
epoch 5: train loss :: 1.302, train acc :: 0.459, dev acc :: 0.405
epoch 6: train loss :: 1.250, train acc :: 0.503, dev acc :: 0.397
save the model to finetune-10-1e-05.pt
epoch 7: train loss :: 1.189, train acc :: 0.537, dev acc :: 0.406
save the model to finetune-10-1e-05.pt
epoch 8: train loss :: 1.133, train acc :: 0.544, dev acc :: 0.413
epoch 9: train loss :: 1.094, train acc :: 0.590, dev acc :: 0.407
load model from finetune-10-1e-05.pt
load 1101 data from data/sst-dev.txt
load 2210 data from data/sst-test.txt
dev acc :: 0.413
test acc :: 0.460
args: {'train': 'data/sst-train.txt', 'dev': 'data/sst-dev.txt', 'test': 'data/sst-test.txt', 'seed': 11711, 'epochs': 10, 'option': 'finetune', 'use_gpu': True, 'dev_out': 'cfimdb-dev-output.txt', 'test_out': 'cfimdb-test-output.txt', 'batch_size': 16, 'hidden_dropout_prob': 0.3, 'lr': 1e-05}
load 8544 data from data/sst-train.txt
load 1101 data from data/sst-dev.txt
save the model to finetune-10-1e-05.pt
epoch 0: train loss :: 1.591, train acc :: 0.273, dev acc :: 0.286
epoch 1: train loss :: 1.583, train acc :: 0.279, dev acc :: 0.245
save the model to finetune-10-1e-05.pt
epoch 2: train loss :: 1.572, train acc :: 0.306, dev acc :: 0.306
save the model to finetune-10-1e-05.pt
epoch 3: train loss :: 1.533, train acc :: 0.351, dev acc :: 0.344
save the model to finetune-10-1e-05.pt
epoch 4: train loss :: 1.434, train acc :: 0.418, dev acc :: 0.406
epoch 5: train loss :: 1.354, train acc :: 0.442, dev acc :: 0.406
epoch 6: train loss :: 1.302, train acc :: 0.463, dev acc :: 0.397
save the model to finetune-10-1e-05.pt
epoch 7: train loss :: 1.257, train acc :: 0.484, dev acc :: 0.421
epoch 8: train loss :: 1.220, train acc :: 0.511, dev acc :: 0.420
save the model to finetune-10-1e-05.pt
epoch 9: train loss :: 1.179, train acc :: 0.537, dev acc :: 0.423
load model from finetune-10-1e-05.pt
load 1101 data from data/sst-dev.txt
load 2210 data from data/sst-test.txt
dev acc :: 0.423
test acc :: 0.454
args: {'train': 'data/sst-train.txt', 'dev': 'data/sst-dev.txt', 'test': 'data/sst-test.txt', 'seed': 11711, 'epochs': 10, 'option': 'finetune', 'use_gpu': True, 'dev_out': 'cfimdb-dev-output.txt', 'test_out': 'cfimdb-test-output.txt', 'batch_size': 32, 'hidden_dropout_prob': 0.3, 'lr': 1e-05}
load 8544 data from data/sst-train.txt
load 1101 data from data/sst-dev.txt
save the model to finetune-10-1e-05.pt
epoch 0: train loss :: 1.587, train acc :: 0.272, dev acc :: 0.233
epoch 1: train loss :: 1.580, train acc :: 0.270, dev acc :: 0.229
save the model to finetune-10-1e-05.pt
epoch 2: train loss :: 1.572, train acc :: 0.285, dev acc :: 0.249
save the model to finetune-10-1e-05.pt
epoch 3: train loss :: 1.555, train acc :: 0.318, dev acc :: 0.333
save the model to finetune-10-1e-05.pt
epoch 4: train loss :: 1.499, train acc :: 0.380, dev acc :: 0.356
save the model to finetune-10-1e-05.pt
epoch 5: train loss :: 1.404, train acc :: 0.418, dev acc :: 0.411
save the model to finetune-10-1e-05.pt
epoch 6: train loss :: 1.341, train acc :: 0.449, dev acc :: 0.422
epoch 7: train loss :: 1.288, train acc :: 0.449, dev acc :: 0.392
epoch 8: train loss :: 1.252, train acc :: 0.473, dev acc :: 0.392
epoch 9: train loss :: 1.223, train acc :: 0.509, dev acc :: 0.413
load model from finetune-10-1e-05.pt
load 1101 data from data/sst-dev.txt
load 2210 data from data/sst-test.txt
dev acc :: 0.422
test acc :: 0.430
